#
# There is insufficient memory for the Java Runtime Environment to continue.
# Native memory allocation (malloc) failed to allocate 32744 bytes for ChunkPool::allocate
# Possible reasons:
#   The system is out of physical RAM or swap space
#   The process is running with CompressedOops enabled, and the Java Heap may be blocking the growth of the native heap
# Possible solutions:
#   Reduce memory load on the system
#   Increase physical memory or swap space
#   Check if swap backing store is full
#   Decrease Java heap size (-Xmx/-Xms)
#   Decrease number of Java threads
#   Decrease Java thread stack sizes (-Xss)
#   Set larger code cache with -XX:ReservedCodeCacheSize=
#   JVM is running with Unscaled Compressed Oops mode in which the Java heap is
#     placed in the first 4GB address space. The Java Heap base address is the
#     maximum limit for the native heap growth. Please use -XX:HeapBaseMinAddress
#     to set the Java Heap base and to place the Java Heap above 4GB virtual address.
# This output file may be truncated or incomplete.
#
#  Out of Memory Error (allocation.cpp:272), pid=9560, tid=0x00000000000016d0
#
# JRE version: Java(TM) SE Runtime Environment (8.0_281-b09) (build 1.8.0_281-b09)
# Java VM: Java HotSpot(TM) 64-Bit Server VM (25.281-b09 mixed mode windows-amd64 compressed oops)
# Failed to write core dump. Minidumps are not enabled by default on client versions of Windows
#

---------------  T H R E A D  ---------------

Current thread (0x00000202b3f6e000):  JavaThread "C2 CompilerThread1" daemon [_thread_in_native, id=5840, stack(0x0000002fc8400000,0x0000002fc8500000)]

Stack: [0x0000002fc8400000,0x0000002fc8500000]
Native frames: (J=compiled Java code, j=interpreted, Vv=VM code, C=native code)
V  [jvm.dll+0x32e5b9]
V  [jvm.dll+0x275012]
V  [jvm.dll+0x275cbd]
V  [jvm.dll+0x26c6f5]
V  [jvm.dll+0xd569d]
V  [jvm.dll+0xd59fc]
V  [jvm.dll+0x4b610a]
V  [jvm.dll+0x4b59d5]
V  [jvm.dll+0x4b68f0]
V  [jvm.dll+0x4b56de]
V  [jvm.dll+0x4401de]
V  [jvm.dll+0x43f795]
V  [jvm.dll+0x42a5e7]
V  [jvm.dll+0xabe9b]
V  [jvm.dll+0xaa4fb]
V  [jvm.dll+0x23d6b2]
V  [jvm.dll+0x291cbc]
C  [ucrtbase.dll+0x21bb2]
C  [KERNEL32.DLL+0x17034]
C  [ntdll.dll+0x52651]


Current CompileTask:
C2:  25019 5195       4       lombok.javac.JavacAST::buildTree (176 bytes)


---------------  P R O C E S S  ---------------

Java Threads: ( => current thread )
  0x00000202b63c6800 JavaThread "pool-1-thread-325" [_thread_blocked, id=10708, stack(0x0000002fdd100000,0x0000002fdd200000)]
  0x00000202b63cd800 JavaThread "pool-1-thread-324" [_thread_blocked, id=3016, stack(0x0000002fdd000000,0x0000002fdd100000)]
  0x00000202b63c9000 JavaThread "pool-1-thread-323" [_thread_blocked, id=9432, stack(0x0000002fdcf00000,0x0000002fdd000000)]
  0x00000202b63cc800 JavaThread "pool-1-thread-322" [_thread_blocked, id=9408, stack(0x0000002fdce00000,0x0000002fdcf00000)]
  0x00000202b63cc000 JavaThread "pool-1-thread-321" [_thread_blocked, id=13712, stack(0x0000002fdcd00000,0x0000002fdce00000)]
  0x00000202b63c6000 JavaThread "pool-1-thread-320" [_thread_blocked, id=10508, stack(0x0000002fdcc00000,0x0000002fdcd00000)]
  0x00000202b63c8000 JavaThread "pool-1-thread-319" [_thread_blocked, id=11020, stack(0x0000002fdcb00000,0x0000002fdcc00000)]
  0x00000202b63c7800 JavaThread "pool-1-thread-318" [_thread_blocked, id=11356, stack(0x0000002fdca00000,0x0000002fdcb00000)]
  0x00000202b63c5000 JavaThread "pool-1-thread-317" [_thread_blocked, id=7656, stack(0x0000002fdc900000,0x0000002fdca00000)]
  0x00000202b63ca800 JavaThread "pool-1-thread-316" [_thread_blocked, id=4620, stack(0x0000002fdc800000,0x0000002fdc900000)]
  0x00000202b63c4800 JavaThread "pool-1-thread-315" [_thread_blocked, id=13240, stack(0x0000002fdc700000,0x0000002fdc800000)]
  0x00000202b63cb000 JavaThread "pool-1-thread-314" [_thread_blocked, id=424, stack(0x0000002fdc600000,0x0000002fdc700000)]
  0x00000202b63c9800 JavaThread "pool-1-thread-313" [_thread_blocked, id=8692, stack(0x0000002fdc500000,0x0000002fdc600000)]
  0x00000202b9bcd800 JavaThread "pool-1-thread-312" [_thread_blocked, id=4120, stack(0x0000002fdc400000,0x0000002fdc500000)]
  0x00000202b9bcb800 JavaThread "pool-1-thread-311" [_thread_blocked, id=12092, stack(0x0000002fdc300000,0x0000002fdc400000)]
  0x00000202b9bca000 JavaThread "pool-1-thread-310" [_thread_blocked, id=748, stack(0x0000002fdc200000,0x0000002fdc300000)]
  0x00000202b9bc9000 JavaThread "pool-1-thread-309" [_thread_blocked, id=10884, stack(0x0000002fdc100000,0x0000002fdc200000)]
  0x00000202b9bcd000 JavaThread "pool-1-thread-308" [_thread_blocked, id=1688, stack(0x0000002fdc000000,0x0000002fdc100000)]
  0x00000202b9bcc000 JavaThread "pool-1-thread-307" [_thread_blocked, id=9768, stack(0x0000002fdbf00000,0x0000002fdc000000)]
  0x00000202b9bce800 JavaThread "pool-1-thread-306" [_thread_blocked, id=12756, stack(0x0000002fdbe00000,0x0000002fdbf00000)]
  0x00000202b9bc3800 JavaThread "pool-1-thread-305" [_thread_blocked, id=9448, stack(0x0000002fdbd00000,0x0000002fdbe00000)]
  0x00000202b9bca800 JavaThread "pool-1-thread-304" [_thread_blocked, id=6728, stack(0x0000002fdbc00000,0x0000002fdbd00000)]
  0x00000202b9bc8000 JavaThread "pool-1-thread-303" [_thread_blocked, id=7740, stack(0x0000002fdbb00000,0x0000002fdbc00000)]
  0x00000202b9bc0800 JavaThread "pool-1-thread-302" [_thread_blocked, id=13932, stack(0x0000002fdba00000,0x0000002fdbb00000)]
  0x00000202b9bc7800 JavaThread "pool-1-thread-301" [_thread_blocked, id=3756, stack(0x0000002fdb900000,0x0000002fdba00000)]
  0x00000202b9bc0000 JavaThread "pool-1-thread-300" [_thread_blocked, id=10692, stack(0x0000002fdb800000,0x0000002fdb900000)]
  0x00000202b9bc1800 JavaThread "pool-1-thread-299" [_thread_blocked, id=10868, stack(0x0000002fdb700000,0x0000002fdb800000)]
  0x00000202b9bc6800 JavaThread "pool-1-thread-298" [_thread_blocked, id=4496, stack(0x0000002fdb600000,0x0000002fdb700000)]
  0x00000202b9bc6000 JavaThread "pool-1-thread-297" [_thread_blocked, id=6536, stack(0x0000002fdb500000,0x0000002fdb600000)]
  0x00000202b9bc5000 JavaThread "pool-1-thread-296" [_thread_blocked, id=3000, stack(0x0000002fdb400000,0x0000002fdb500000)]
  0x00000202b9bc2000 JavaThread "pool-1-thread-295" [_thread_blocked, id=6676, stack(0x0000002fdb300000,0x0000002fdb400000)]
  0x00000202b9bc4800 JavaThread "pool-1-thread-294" [_thread_blocked, id=1612, stack(0x0000002fdb200000,0x0000002fdb300000)]
  0x00000202b9bbf000 JavaThread "pool-1-thread-293" [_thread_blocked, id=5096, stack(0x0000002fdb100000,0x0000002fdb200000)]
  0x00000202b9bc3000 JavaThread "pool-1-thread-292" [_thread_blocked, id=8336, stack(0x0000002fdb000000,0x0000002fdb100000)]
  0x00000202b9bb7800 JavaThread "pool-1-thread-291" [_thread_blocked, id=3156, stack(0x0000002fdaf00000,0x0000002fdb000000)]
  0x00000202b9bba000 JavaThread "pool-1-thread-290" [_thread_blocked, id=4844, stack(0x0000002fdae00000,0x0000002fdaf00000)]
  0x00000202b9bb9000 JavaThread "pool-1-thread-289" [_thread_blocked, id=10520, stack(0x0000002fdad00000,0x0000002fdae00000)]
  0x00000202b9bbe800 JavaThread "pool-1-thread-288" [_thread_blocked, id=11488, stack(0x0000002fdac00000,0x0000002fdad00000)]
  0x00000202b9bb8800 JavaThread "pool-1-thread-287" [_thread_blocked, id=1616, stack(0x0000002fdab00000,0x0000002fdac00000)]
  0x00000202b9bb7000 JavaThread "pool-1-thread-286" [_thread_blocked, id=9188, stack(0x0000002fdaa00000,0x0000002fdab00000)]
  0x00000202b9bbd800 JavaThread "pool-1-thread-285" [_thread_blocked, id=9632, stack(0x0000002fda900000,0x0000002fdaa00000)]
  0x00000202b9bba800 JavaThread "pool-1-thread-284" [_thread_blocked, id=7964, stack(0x0000002fda800000,0x0000002fda900000)]
  0x00000202b9bbc000 JavaThread "pool-1-thread-283" [_thread_blocked, id=3388, stack(0x0000002fda700000,0x0000002fda800000)]
  0x00000202b9bbd000 JavaThread "pool-1-thread-282" [_thread_blocked, id=1784, stack(0x0000002fda600000,0x0000002fda700000)]
  0x00000202b9bbb800 JavaThread "pool-1-thread-281" [_thread_blocked, id=6268, stack(0x0000002fda500000,0x0000002fda600000)]
  0x00000202b9baf800 JavaThread "pool-1-thread-280" [_thread_blocked, id=12660, stack(0x0000002fda400000,0x0000002fda500000)]
  0x00000202b9bb6000 JavaThread "pool-1-thread-279" [_thread_blocked, id=7468, stack(0x0000002fda300000,0x0000002fda400000)]
  0x00000202b9bb4800 JavaThread "pool-1-thread-278" [_thread_blocked, id=9404, stack(0x0000002fda200000,0x0000002fda300000)]
  0x00000202b9bb3000 JavaThread "pool-1-thread-277" [_thread_blocked, id=9400, stack(0x0000002fda100000,0x0000002fda200000)]
  0x00000202b9bb4000 JavaThread "pool-1-thread-276" [_thread_blocked, id=3836, stack(0x0000002fda000000,0x0000002fda100000)]
  0x00000202b9bb5800 JavaThread "pool-1-thread-275" [_thread_blocked, id=1640, stack(0x0000002fd9f00000,0x0000002fda000000)]
  0x00000202b9bb1800 JavaThread "pool-1-thread-274" [_thread_blocked, id=13280, stack(0x0000002fd9e00000,0x0000002fd9f00000)]
  0x00000202b9bb1000 JavaThread "pool-1-thread-273" [_thread_blocked, id=1544, stack(0x0000002fd9d00000,0x0000002fd9e00000)]
  0x00000202b9bb2800 JavaThread "pool-1-thread-272" [_thread_blocked, id=11732, stack(0x0000002fd9c00000,0x0000002fd9d00000)]
  0x00000202b9bb0000 JavaThread "pool-1-thread-271" [_thread_blocked, id=12372, stack(0x0000002fd9b00000,0x0000002fd9c00000)]
  0x00000202b7da2000 JavaThread "pool-1-thread-270" [_thread_blocked, id=1304, stack(0x0000002fd9a00000,0x0000002fd9b00000)]
  0x00000202b7da1800 JavaThread "pool-1-thread-269" [_thread_blocked, id=12824, stack(0x0000002fd9900000,0x0000002fd9a00000)]
  0x00000202b7da0800 JavaThread "pool-1-thread-268" [_thread_blocked, id=1560, stack(0x0000002fd9800000,0x0000002fd9900000)]
  0x00000202b7da0000 JavaThread "pool-1-thread-267" [_thread_blocked, id=564, stack(0x0000002fd9700000,0x0000002fd9800000)]
  0x00000202b7d9f000 JavaThread "pool-1-thread-266" [_thread_blocked, id=6260, stack(0x0000002fd9600000,0x0000002fd9700000)]
  0x00000202b7d9e800 JavaThread "pool-1-thread-265" [_thread_blocked, id=3368, stack(0x0000002fd9500000,0x0000002fd9600000)]
  0x00000202b7d97000 JavaThread "pool-1-thread-264" [_thread_blocked, id=10460, stack(0x0000002fd9400000,0x0000002fd9500000)]
  0x00000202b7d9d800 JavaThread "pool-1-thread-263" [_thread_blocked, id=840, stack(0x0000002fd9300000,0x0000002fd9400000)]
  0x00000202b7d96000 JavaThread "pool-1-thread-262" [_thread_blocked, id=10568, stack(0x0000002fd9200000,0x0000002fd9300000)]
  0x00000202b7d9d000 JavaThread "pool-1-thread-261" [_thread_blocked, id=904, stack(0x0000002fd9100000,0x0000002fd9200000)]
  0x00000202b7d95800 JavaThread "pool-1-thread-260" [_thread_blocked, id=9444, stack(0x0000002fd9000000,0x0000002fd9100000)]
  0x00000202b7d9c000 JavaThread "pool-1-thread-259" [_thread_blocked, id=13828, stack(0x0000002fd8f00000,0x0000002fd9000000)]
  0x00000202b7d94800 JavaThread "pool-1-thread-258" [_thread_blocked, id=8428, stack(0x0000002fd8e00000,0x0000002fd8f00000)]
  0x00000202b7d99000 JavaThread "pool-1-thread-257" [_thread_blocked, id=8816, stack(0x0000002fd8d00000,0x0000002fd8e00000)]
  0x00000202b7d9a000 JavaThread "pool-1-thread-256" [_thread_blocked, id=5880, stack(0x0000002fd8c00000,0x0000002fd8d00000)]
  0x00000202b7d9b800 JavaThread "pool-1-thread-255" [_thread_blocked, id=8884, stack(0x0000002fd8b00000,0x0000002fd8c00000)]
  0x00000202b7d9a800 JavaThread "pool-1-thread-254" [_thread_blocked, id=5932, stack(0x0000002fd8a00000,0x0000002fd8b00000)]
  0x00000202b7d98800 JavaThread "pool-1-thread-253" [_thread_blocked, id=2900, stack(0x0000002fd8900000,0x0000002fd8a00000)]
  0x00000202b7d94000 JavaThread "pool-1-thread-252" [_thread_blocked, id=14116, stack(0x0000002fd8800000,0x0000002fd8900000)]
  0x00000202b7d97800 JavaThread "pool-1-thread-251" [_thread_blocked, id=11620, stack(0x0000002fd8700000,0x0000002fd8800000)]
  0x00000202b7d8c800 JavaThread "pool-1-thread-250" [_thread_blocked, id=5644, stack(0x0000002fd8600000,0x0000002fd8700000)]
  0x00000202b7d93000 JavaThread "pool-1-thread-249" [_thread_blocked, id=1680, stack(0x0000002fd8500000,0x0000002fd8600000)]
  0x00000202b7d91800 JavaThread "pool-1-thread-248" [_thread_blocked, id=8632, stack(0x0000002fd8400000,0x0000002fd8500000)]
  0x00000202b7d8e800 JavaThread "pool-1-thread-247" [_thread_blocked, id=4044, stack(0x0000002fd8300000,0x0000002fd8400000)]
  0x00000202b7d91000 JavaThread "pool-1-thread-246" [_thread_blocked, id=8560, stack(0x0000002fd8200000,0x0000002fd8300000)]
  0x00000202b7d8f800 JavaThread "pool-1-thread-245" [_thread_blocked, id=9040, stack(0x0000002fd8100000,0x0000002fd8200000)]
  0x00000202b7d90000 JavaThread "pool-1-thread-244" [_thread_blocked, id=10256, stack(0x0000002fd8000000,0x0000002fd8100000)]
  0x00000202b7d8e000 JavaThread "pool-1-thread-243" [_thread_blocked, id=11168, stack(0x0000002fd7f00000,0x0000002fd8000000)]
  0x00000202b7d8d000 JavaThread "pool-1-thread-242" [_thread_blocked, id=13512, stack(0x0000002fd7e00000,0x0000002fd7f00000)]
  0x00000202b7d92800 JavaThread "pool-1-thread-241" [_thread_blocked, id=7580, stack(0x0000002fd7d00000,0x0000002fd7e00000)]
  0x00000202b7d84800 JavaThread "pool-1-thread-240" [_thread_blocked, id=8848, stack(0x0000002fd7c00000,0x0000002fd7d00000)]
  0x00000202b7d8b800 JavaThread "pool-1-thread-239" [_thread_blocked, id=9104, stack(0x0000002fd7b00000,0x0000002fd7c00000)]
  0x00000202b7d84000 JavaThread "pool-1-thread-238" [_thread_blocked, id=5824, stack(0x0000002fd7a00000,0x0000002fd7b00000)]
  0x00000202b7d86000 JavaThread "pool-1-thread-237" [_thread_blocked, id=13680, stack(0x0000002fd7900000,0x0000002fd7a00000)]
  0x00000202b7d89800 JavaThread "pool-1-thread-236" [_thread_blocked, id=7272, stack(0x0000002fd7800000,0x0000002fd7900000)]
  0x00000202b7d87800 JavaThread "pool-1-thread-235" [_thread_blocked, id=11204, stack(0x0000002fd7700000,0x0000002fd7800000)]
  0x00000202b7d8b000 JavaThread "pool-1-thread-234" [_thread_blocked, id=11044, stack(0x0000002fd7600000,0x0000002fd7700000)]
  0x00000202b7d88800 JavaThread "pool-1-thread-233" [_thread_blocked, id=9260, stack(0x0000002fd7300000,0x0000002fd7400000)]
  0x00000202b7d85800 JavaThread "pool-1-thread-232" [_thread_blocked, id=9008, stack(0x0000002fd7200000,0x0000002fd7300000)]
  0x00000202b7d83000 JavaThread "pool-1-thread-231" [_thread_blocked, id=14036, stack(0x0000002fd7100000,0x0000002fd7200000)]
  0x00000202b7d87000 JavaThread "pool-1-thread-230" [_thread_blocked, id=10588, stack(0x0000002fd7000000,0x0000002fd7100000)]
  0x00000202b7d8a000 JavaThread "pool-1-thread-229" [_thread_blocked, id=4688, stack(0x0000002fd6f00000,0x0000002fd7000000)]
  0x00000202b57a1000 JavaThread "pool-1-thread-228" [_thread_blocked, id=1936, stack(0x0000002fd6e00000,0x0000002fd6f00000)]
  0x00000202b579f800 JavaThread "pool-1-thread-227" [_thread_blocked, id=4776, stack(0x0000002fd6d00000,0x0000002fd6e00000)]
  0x00000202b57a0800 JavaThread "pool-1-thread-226" [_thread_blocked, id=11860, stack(0x0000002fd6c00000,0x0000002fd6d00000)]
  0x00000202b579c800 JavaThread "pool-1-thread-225" [_thread_blocked, id=1872, stack(0x0000002fd6b00000,0x0000002fd6c00000)]
  0x00000202b579e000 JavaThread "pool-1-thread-224" [_thread_blocked, id=13172, stack(0x0000002fd6a00000,0x0000002fd6b00000)]
  0x00000202b579b000 JavaThread "pool-1-thread-223" [_thread_blocked, id=12048, stack(0x0000002fd6900000,0x0000002fd6a00000)]
  0x00000202b579f000 JavaThread "pool-1-thread-222" [_thread_blocked, id=9160, stack(0x0000002fd6800000,0x0000002fd6900000)]
  0x00000202b579c000 JavaThread "pool-1-thread-221" [_thread_blocked, id=9036, stack(0x0000002fd6700000,0x0000002fd6800000)]
  0x00000202b579a800 JavaThread "pool-1-thread-220" [_thread_blocked, id=3236, stack(0x0000002fd6600000,0x0000002fd6700000)]
  0x00000202b579d800 JavaThread "pool-1-thread-219" [_thread_blocked, id=5416, stack(0x0000002fd6500000,0x0000002fd6600000)]
  0x00000202b5793000 JavaThread "pool-1-thread-218" [_thread_blocked, id=8416, stack(0x0000002fd6400000,0x0000002fd6500000)]
  0x00000202b5799800 JavaThread "pool-1-thread-217" [_thread_blocked, id=11888, stack(0x0000002fd6300000,0x0000002fd6400000)]
  0x00000202b5792000 JavaThread "pool-1-thread-216" [_thread_blocked, id=7396, stack(0x0000002fd6200000,0x0000002fd6300000)]
  0x00000202b5799000 JavaThread "pool-1-thread-215" [_thread_blocked, id=10308, stack(0x0000002fd6100000,0x0000002fd6200000)]
  0x00000202b5795000 JavaThread "pool-1-thread-214" [_thread_blocked, id=2628, stack(0x0000002fd6000000,0x0000002fd6100000)]
  0x00000202b5791800 JavaThread "pool-1-thread-213" [_thread_blocked, id=1700, stack(0x0000002fd5f00000,0x0000002fd6000000)]
  0x00000202b5796800 JavaThread "pool-1-thread-212" [_thread_blocked, id=1976, stack(0x0000002fd5e00000,0x0000002fd5f00000)]
  0x00000202b5796000 JavaThread "pool-1-thread-211" [_thread_blocked, id=1572, stack(0x0000002fd5d00000,0x0000002fd5e00000)]
  0x00000202b5794800 JavaThread "pool-1-thread-210" [_thread_blocked, id=4452, stack(0x0000002fd5c00000,0x0000002fd5d00000)]
  0x00000202b5798000 JavaThread "pool-1-thread-209" [_thread_blocked, id=12984, stack(0x0000002fd5b00000,0x0000002fd5c00000)]
  0x00000202b5790800 JavaThread "pool-1-thread-208" [_thread_blocked, id=2604, stack(0x0000002fd5a00000,0x0000002fd5b00000)]
  0x00000202b5793800 JavaThread "pool-1-thread-207" [_thread_blocked, id=2304, stack(0x0000002fd5900000,0x0000002fd5a00000)]
  0x00000202b5797800 JavaThread "pool-1-thread-206" [_thread_blocked, id=536, stack(0x0000002fd5800000,0x0000002fd5900000)]
  0x00000202b5790000 JavaThread "pool-1-thread-205" [_thread_blocked, id=2820, stack(0x0000002fd5700000,0x0000002fd5800000)]
  0x00000202b5788800 JavaThread "pool-1-thread-204" [_thread_blocked, id=3820, stack(0x0000002fd5600000,0x0000002fd5700000)]
  0x00000202b578f000 JavaThread "pool-1-thread-203" [_thread_blocked, id=7176, stack(0x0000002fd5500000,0x0000002fd5600000)]
  0x00000202b578d800 JavaThread "pool-1-thread-202" [_thread_blocked, id=13728, stack(0x0000002fd5400000,0x0000002fd5500000)]
  0x00000202b578d000 JavaThread "pool-1-thread-201" [_thread_blocked, id=6644, stack(0x0000002fd5300000,0x0000002fd5400000)]
  0x00000202b578c000 JavaThread "pool-1-thread-200" [_thread_blocked, id=6072, stack(0x0000002fd5200000,0x0000002fd5300000)]
  0x00000202b578b800 JavaThread "pool-1-thread-199" [_thread_blocked, id=6400, stack(0x0000002fd5100000,0x0000002fd5200000)]
  0x00000202b578e800 JavaThread "pool-1-thread-198" [_thread_blocked, id=260, stack(0x0000002fd5000000,0x0000002fd5100000)]
  0x00000202b5784000 JavaThread "pool-1-thread-197" [_thread_blocked, id=8128, stack(0x0000002fd4f00000,0x0000002fd5000000)]
  0x00000202b5784800 JavaThread "pool-1-thread-196" [_thread_blocked, id=4864, stack(0x0000002fd4e00000,0x0000002fd4f00000)]
  0x00000202b578a800 JavaThread "pool-1-thread-195" [_thread_blocked, id=10472, stack(0x0000002fd4d00000,0x0000002fd4e00000)]
  0x00000202b578a000 JavaThread "pool-1-thread-194" [_thread_blocked, id=2208, stack(0x0000002fd4c00000,0x0000002fd4d00000)]
  0x00000202b5787800 JavaThread "pool-1-thread-193" [_thread_blocked, id=8504, stack(0x0000002fd4b00000,0x0000002fd4c00000)]
  0x00000202b5782800 JavaThread "pool-1-thread-192" [_thread_blocked, id=11276, stack(0x0000002fd4a00000,0x0000002fd4b00000)]
  0x00000202b5789000 JavaThread "pool-1-thread-191" [_thread_blocked, id=6256, stack(0x0000002fd4900000,0x0000002fd4a00000)]
  0x00000202b5787000 JavaThread "pool-1-thread-190" [_thread_blocked, id=8484, stack(0x0000002fd4800000,0x0000002fd4900000)]
  0x00000202b5785800 JavaThread "pool-1-thread-189" [_thread_blocked, id=2844, stack(0x0000002fd4700000,0x0000002fd4800000)]
  0x00000202b5783000 JavaThread "pool-1-thread-188" [_thread_blocked, id=10416, stack(0x0000002fd4600000,0x0000002fd4700000)]
  0x00000202b5786000 JavaThread "pool-1-thread-187" [_thread_blocked, id=4212, stack(0x0000002fd4500000,0x0000002fd4600000)]
  0x00000202b60e4800 JavaThread "pool-1-thread-186" [_thread_blocked, id=4296, stack(0x0000002fd4400000,0x0000002fd4500000)]
  0x00000202b60e3000 JavaThread "pool-1-thread-185" [_thread_blocked, id=6484, stack(0x0000002fd4300000,0x0000002fd4400000)]
  0x00000202b60e1800 JavaThread "pool-1-thread-184" [_thread_blocked, id=12696, stack(0x0000002fd4200000,0x0000002fd4300000)]
  0x00000202b60e2800 JavaThread "pool-1-thread-183" [_thread_blocked, id=7208, stack(0x0000002fd4100000,0x0000002fd4200000)]
  0x00000202b60e4000 JavaThread "pool-1-thread-182" [_thread_blocked, id=3104, stack(0x0000002fd4000000,0x0000002fd4100000)]
  0x00000202b60e1000 JavaThread "pool-1-thread-181" [_thread_blocked, id=1416, stack(0x0000002fd3f00000,0x0000002fd4000000)]
  0x00000202b60d9800 JavaThread "pool-1-thread-180" [_thread_blocked, id=8716, stack(0x0000002fd3e00000,0x0000002fd3f00000)]
  0x00000202b60dc800 JavaThread "pool-1-thread-179" [_thread_blocked, id=6096, stack(0x0000002fd3d00000,0x0000002fd3e00000)]
  0x00000202b60e0000 JavaThread "pool-1-thread-178" [_thread_blocked, id=6972, stack(0x0000002fd3c00000,0x0000002fd3d00000)]
  0x00000202b60d8800 JavaThread "pool-1-thread-177" [_thread_blocked, id=4024, stack(0x0000002fd3b00000,0x0000002fd3c00000)]
  0x00000202b60df800 JavaThread "pool-1-thread-176" [_thread_blocked, id=10544, stack(0x0000002fd3a00000,0x0000002fd3b00000)]
  0x00000202b60de800 JavaThread "pool-1-thread-175" [_thread_blocked, id=9864, stack(0x0000002fd3900000,0x0000002fd3a00000)]
  0x00000202b60de000 JavaThread "pool-1-thread-174" [_thread_blocked, id=1296, stack(0x0000002fd3800000,0x0000002fd3900000)]
  0x00000202b60db000 JavaThread "pool-1-thread-173" [_thread_blocked, id=7452, stack(0x0000002fd3700000,0x0000002fd3800000)]
  0x00000202b60da000 JavaThread "pool-1-thread-172" [_thread_blocked, id=4048, stack(0x0000002fd3600000,0x0000002fd3700000)]
  0x00000202b60db800 JavaThread "pool-1-thread-171" [_thread_blocked, id=10612, stack(0x0000002fd3500000,0x0000002fd3600000)]
  0x00000202b60dd000 JavaThread "pool-1-thread-170" [_thread_blocked, id=1596, stack(0x0000002fd3400000,0x0000002fd3500000)]
  0x00000202b60d7000 JavaThread "pool-1-thread-169" [_thread_blocked, id=2672, stack(0x0000002fd3300000,0x0000002fd3400000)]
  0x00000202b60d5800 JavaThread "pool-1-thread-168" [_thread_blocked, id=7016, stack(0x0000002fd3200000,0x0000002fd3300000)]
  0x00000202b60d6800 JavaThread "pool-1-thread-167" [_thread_blocked, id=10388, stack(0x0000002fd3100000,0x0000002fd3200000)]
  0x00000202b60d8000 JavaThread "pool-1-thread-166" [_thread_blocked, id=13456, stack(0x0000002fd3000000,0x0000002fd3100000)]
  0x00000202b88d3800 JavaThread "pool-1-thread-165" [_thread_blocked, id=6076, stack(0x0000002fd2f00000,0x0000002fd3000000)]
  0x00000202b88d7800 JavaThread "pool-1-thread-164" [_thread_blocked, id=9912, stack(0x0000002fd2e00000,0x0000002fd2f00000)]
  0x00000202b88d9000 JavaThread "pool-1-thread-163" [_thread_blocked, id=8240, stack(0x0000002fd2d00000,0x0000002fd2e00000)]
  0x00000202b88d3000 JavaThread "pool-1-thread-162" [_thread_blocked, id=10304, stack(0x0000002fd2c00000,0x0000002fd2d00000)]
  0x00000202b88d8000 JavaThread "pool-1-thread-161" [_thread_blocked, id=9316, stack(0x0000002fd2b00000,0x0000002fd2c00000)]
  0x00000202b88d6800 JavaThread "pool-1-thread-160" [_thread_blocked, id=13228, stack(0x0000002fd2a00000,0x0000002fd2b00000)]
  0x00000202b88d4800 JavaThread "pool-1-thread-159" [_thread_blocked, id=3044, stack(0x0000002fd2900000,0x0000002fd2a00000)]
  0x00000202b88d2000 JavaThread "pool-1-thread-158" [_thread_blocked, id=14324, stack(0x0000002fd2800000,0x0000002fd2900000)]
  0x00000202b88d5000 JavaThread "pool-1-thread-157" [_thread_blocked, id=13384, stack(0x0000002fd2700000,0x0000002fd2800000)]
  0x00000202b88d6000 JavaThread "pool-1-thread-156" [_thread_blocked, id=11088, stack(0x0000002fd2600000,0x0000002fd2700000)]
  0x00000202b88ca800 JavaThread "pool-1-thread-155" [_thread_blocked, id=8352, stack(0x0000002fd2500000,0x0000002fd2600000)]
  0x00000202b88d1800 JavaThread "pool-1-thread-154" [_thread_blocked, id=9956, stack(0x0000002fd2400000,0x0000002fd2500000)]
  0x00000202b88ca000 JavaThread "pool-1-thread-153" [_thread_blocked, id=13748, stack(0x0000002fd2300000,0x0000002fd2400000)]
  0x00000202b88d0800 JavaThread "pool-1-thread-152" [_thread_blocked, id=1824, stack(0x0000002fd2200000,0x0000002fd2300000)]
  0x00000202b88cb800 JavaThread "pool-1-thread-151" [_thread_blocked, id=8136, stack(0x0000002fd2100000,0x0000002fd2200000)]
  0x00000202b88ce800 JavaThread "pool-1-thread-150" [_thread_blocked, id=10464, stack(0x0000002fd2000000,0x0000002fd2100000)]
  0x00000202b88cd000 JavaThread "pool-1-thread-149" [_thread_blocked, id=1548, stack(0x0000002fd1f00000,0x0000002fd2000000)]
  0x00000202b88cf000 JavaThread "pool-1-thread-148" [_thread_blocked, id=10756, stack(0x0000002fd1e00000,0x0000002fd1f00000)]
  0x00000202b88d0000 JavaThread "pool-1-thread-147" [_thread_blocked, id=11348, stack(0x0000002fd1d00000,0x0000002fd1e00000)]
  0x00000202b88cd800 JavaThread "pool-1-thread-146" [_thread_blocked, id=3408, stack(0x0000002fd1c00000,0x0000002fd1d00000)]
  0x00000202b88cc000 JavaThread "pool-1-thread-145" [_thread_blocked, id=10236, stack(0x0000002fd1b00000,0x0000002fd1c00000)]
  0x00000202b5717000 JavaThread "pool-1-thread-144" [_thread_blocked, id=6680, stack(0x0000002fd1a00000,0x0000002fd1b00000)]
  0x00000202b5718000 JavaThread "pool-1-thread-143" [_thread_blocked, id=7380, stack(0x0000002fd1900000,0x0000002fd1a00000)]
  0x00000202b5718800 JavaThread "pool-1-thread-142" [_thread_blocked, id=12456, stack(0x0000002fd1800000,0x0000002fd1900000)]
  0x00000202b5716800 JavaThread "pool-1-thread-141" [_thread_blocked, id=6540, stack(0x0000002fd1700000,0x0000002fd1800000)]
  0x00000202b5714000 JavaThread "pool-1-thread-140" [_thread_blocked, id=8288, stack(0x0000002fd1600000,0x0000002fd1700000)]
  0x00000202b5712800 JavaThread "pool-1-thread-139" [_thread_blocked, id=9436, stack(0x0000002fd1500000,0x0000002fd1600000)]
  0x00000202b5715000 JavaThread "pool-1-thread-138" [_thread_blocked, id=3612, stack(0x0000002fd1400000,0x0000002fd1500000)]
  0x00000202b5719800 JavaThread "pool-1-thread-137" [_thread_blocked, id=14084, stack(0x0000002fd1300000,0x0000002fd1400000)]
  0x00000202b5715800 JavaThread "pool-1-thread-136" [_thread_blocked, id=7924, stack(0x0000002fd1200000,0x0000002fd1300000)]
  0x00000202b5712000 JavaThread "pool-1-thread-135" [_thread_blocked, id=9652, stack(0x0000002fd1100000,0x0000002fd1200000)]
  0x00000202b5713800 JavaThread "pool-1-thread-134" [_thread_blocked, id=7408, stack(0x0000002fd1000000,0x0000002fd1100000)]
  0x00000202b570a800 JavaThread "pool-1-thread-132" [_thread_blocked, id=11192, stack(0x0000002fd0f00000,0x0000002fd1000000)]
  0x00000202b5711000 JavaThread "pool-1-thread-133" [_thread_blocked, id=8820, stack(0x0000002fd0e00000,0x0000002fd0f00000)]
  0x00000202b570f800 JavaThread "pool-1-thread-120" [_thread_blocked, id=2116, stack(0x0000002fd0d00000,0x0000002fd0e00000)]
  0x00000202b570d800 JavaThread "pool-1-thread-131" [_thread_blocked, id=10592, stack(0x0000002fd0c00000,0x0000002fd0d00000)]
  0x00000202b570f000 JavaThread "pool-1-thread-130" [_thread_blocked, id=6844, stack(0x0000002fd0b00000,0x0000002fd0c00000)]
  0x00000202b570c800 JavaThread "pool-1-thread-129" [_thread_blocked, id=6704, stack(0x0000002fd0a00000,0x0000002fd0b00000)]
  0x00000202b5710800 JavaThread "pool-1-thread-128" [_thread_blocked, id=3784, stack(0x0000002fd0900000,0x0000002fd0a00000)]
  0x00000202b570c000 JavaThread "pool-1-thread-127" [_thread_blocked, id=11940, stack(0x0000002fd0800000,0x0000002fd0900000)]
  0x00000202b570e000 JavaThread "pool-1-thread-126" [_thread_blocked, id=2708, stack(0x0000002fd0700000,0x0000002fd0800000)]
  0x00000202b570b000 JavaThread "pool-1-thread-125" [_thread_blocked, id=12836, stack(0x0000002fd0600000,0x0000002fd0700000)]
  0x00000202b55bc000 JavaThread "pool-1-thread-124" [_thread_blocked, id=2872, stack(0x0000002fd0500000,0x0000002fd0600000)]
  0x00000202b55bb000 JavaThread "pool-1-thread-123" [_thread_blocked, id=2332, stack(0x0000002fd0400000,0x0000002fd0500000)]
  0x00000202b55ba800 JavaThread "pool-1-thread-122" [_thread_blocked, id=3220, stack(0x0000002fd0300000,0x0000002fd0400000)]
  0x00000202b55bf000 JavaThread "pool-1-thread-121" [_thread_blocked, id=11840, stack(0x0000002fd0200000,0x0000002fd0300000)]
  0x00000202b55c0800 JavaThread "pool-1-thread-119" [_thread_blocked, id=9028, stack(0x0000002fd0100000,0x0000002fd0200000)]
  0x00000202b55bf800 JavaThread "pool-1-thread-118" [_thread_blocked, id=2200, stack(0x0000002fd0000000,0x0000002fd0100000)]
  0x00000202b55be000 JavaThread "pool-1-thread-117" [_thread_blocked, id=7220, stack(0x0000002fcff00000,0x0000002fd0000000)]
  0x00000202b55b9800 JavaThread "pool-1-thread-116" [_thread_blocked, id=11408, stack(0x0000002fcfe00000,0x0000002fcff00000)]
  0x00000202b55bd800 JavaThread "pool-1-thread-115" [_thread_blocked, id=9896, stack(0x0000002fcfd00000,0x0000002fcfe00000)]
  0x00000202b55bc800 JavaThread "pool-1-thread-114" [_thread_blocked, id=14112, stack(0x0000002fcfc00000,0x0000002fcfd00000)]
  0x00000202b55b2000 JavaThread "pool-1-thread-113" [_thread_blocked, id=3724, stack(0x0000002fcfb00000,0x0000002fcfc00000)]
  0x00000202b55b9000 JavaThread "pool-1-thread-112" [_thread_blocked, id=5060, stack(0x0000002fcfa00000,0x0000002fcfb00000)]
  0x00000202b55b1800 JavaThread "pool-1-thread-111" [_thread_blocked, id=13872, stack(0x0000002fcf900000,0x0000002fcfa00000)]
  0x00000202b55b6000 JavaThread "pool-1-thread-110" [_thread_blocked, id=14220, stack(0x0000002fcf800000,0x0000002fcf900000)]
  0x00000202b55b5000 JavaThread "pool-1-thread-109" [_thread_blocked, id=11628, stack(0x0000002fcf700000,0x0000002fcf800000)]
  0x00000202b55b4800 JavaThread "pool-1-thread-108" [_thread_blocked, id=10276, stack(0x0000002fcf600000,0x0000002fcf700000)]
  0x00000202b55b3000 JavaThread "pool-1-thread-107" [_thread_blocked, id=8320, stack(0x0000002fcf500000,0x0000002fcf600000)]
  0x00000202b55b8000 JavaThread "pool-1-thread-106" [_thread_blocked, id=14184, stack(0x0000002fcf400000,0x0000002fcf500000)]
  0x00000202b55b6800 JavaThread "pool-1-thread-105" [_thread_blocked, id=2016, stack(0x0000002fcf300000,0x0000002fcf400000)]
  0x00000202b55b7800 JavaThread "pool-1-thread-104" [_thread_blocked, id=7856, stack(0x0000002fcf200000,0x0000002fcf300000)]
  0x00000202b55b3800 JavaThread "pool-1-thread-103" [_thread_blocked, id=13148, stack(0x0000002fcf100000,0x0000002fcf200000)]
  0x00000202b559b000 JavaThread "pool-1-thread-102" [_thread_blocked, id=14296, stack(0x0000002fcf000000,0x0000002fcf100000)]
  0x00000202b559a800 JavaThread "pool-1-thread-101" [_thread_blocked, id=6016, stack(0x0000002fcef00000,0x0000002fcf000000)]
  0x00000202b559e000 JavaThread "pool-1-thread-100" [_thread_blocked, id=10036, stack(0x0000002fcee00000,0x0000002fcef00000)]
  0x00000202b559c800 JavaThread "pool-1-thread-99" [_thread_blocked, id=2488, stack(0x0000002fced00000,0x0000002fcee00000)]
  0x00000202b559d800 JavaThread "pool-1-thread-98" [_thread_blocked, id=11300, stack(0x0000002fcec00000,0x0000002fced00000)]
  0x00000202b559c000 JavaThread "pool-1-thread-97" [_thread_blocked, id=11944, stack(0x0000002fceb00000,0x0000002fcec00000)]
  0x00000202b55a0800 JavaThread "pool-1-thread-96" [_thread_blocked, id=12096, stack(0x0000002fcea00000,0x0000002fceb00000)]
  0x00000202b5599000 JavaThread "pool-1-thread-95" [_thread_blocked, id=4996, stack(0x0000002fce900000,0x0000002fcea00000)]
  0x00000202b559f800 JavaThread "pool-1-thread-94" [_thread_blocked, id=11784, stack(0x0000002fce800000,0x0000002fce900000)]
  0x00000202b559f000 JavaThread "pool-1-thread-93" [_thread_blocked, id=14304, stack(0x0000002fce700000,0x0000002fce800000)]
  0x00000202b5599800 JavaThread "pool-1-thread-92" [_thread_blocked, id=3024, stack(0x0000002fce600000,0x0000002fce700000)]
  0x00000202b5591800 JavaThread "pool-1-thread-91" [_thread_blocked, id=2700, stack(0x0000002fce500000,0x0000002fce600000)]
  0x00000202b5598000 JavaThread "pool-1-thread-90" [_thread_blocked, id=11612, stack(0x0000002fce400000,0x0000002fce500000)]
  0x00000202b5597800 JavaThread "pool-1-thread-89" [_thread_blocked, id=8368, stack(0x0000002fce300000,0x0000002fce400000)]
  0x00000202b5592000 JavaThread "pool-1-thread-88" [_thread_blocked, id=4860, stack(0x0000002fce200000,0x0000002fce300000)]
  0x00000202b5596800 JavaThread "pool-1-thread-87" [_thread_blocked, id=10112, stack(0x0000002fce100000,0x0000002fce200000)]
  0x00000202b5595000 JavaThread "pool-1-thread-86" [_thread_blocked, id=6616, stack(0x0000002fce000000,0x0000002fce100000)]
  0x00000202b5594800 JavaThread "pool-1-thread-85" [_thread_blocked, id=10368, stack(0x0000002fcdf00000,0x0000002fce000000)]
  0x00000202b5593000 JavaThread "pool-1-thread-84" [_thread_blocked, id=920, stack(0x0000002fcde00000,0x0000002fcdf00000)]
  0x00000202b5593800 JavaThread "pool-1-thread-83" [_thread_blocked, id=2148, stack(0x0000002fcdd00000,0x0000002fcde00000)]
  0x00000202b5596000 JavaThread "pool-1-thread-82" [_thread_blocked, id=7940, stack(0x0000002fcdc00000,0x0000002fcdd00000)]
  0x00000202b552b000 JavaThread "pool-1-thread-81" [_thread_blocked, id=4740, stack(0x0000002fcdb00000,0x0000002fcdc00000)]
  0x00000202b552a000 JavaThread "pool-1-thread-80" [_thread_blocked, id=1904, stack(0x0000002fcda00000,0x0000002fcdb00000)]
  0x00000202b5529800 JavaThread "pool-1-thread-79" [_thread_blocked, id=7148, stack(0x0000002fcd900000,0x0000002fcda00000)]
  0x00000202b5530000 JavaThread "pool-1-thread-78" [_thread_blocked, id=10248, stack(0x0000002fcd800000,0x0000002fcd900000)]
  0x00000202b552e800 JavaThread "pool-1-thread-77" [_thread_blocked, id=2136, stack(0x0000002fcd700000,0x0000002fcd800000)]
  0x00000202b552c800 JavaThread "pool-1-thread-76" [_thread_blocked, id=7660, stack(0x0000002fcd600000,0x0000002fcd700000)]
  0x00000202b552b800 JavaThread "pool-1-thread-73" [_thread_blocked, id=9996, stack(0x0000002fcd500000,0x0000002fcd600000)]
  0x00000202b552e000 JavaThread "pool-1-thread-75" [_thread_blocked, id=13796, stack(0x0000002fcd400000,0x0000002fcd500000)]
  0x00000202b552d000 JavaThread "pool-1-thread-74" [_thread_blocked, id=13436, stack(0x0000002fcd300000,0x0000002fcd400000)]
  0x00000202b5528800 JavaThread "pool-1-thread-72" [_thread_blocked, id=3080, stack(0x0000002fcd200000,0x0000002fcd300000)]
  0x00000202b552f800 JavaThread "pool-1-thread-71" [_thread_blocked, id=960, stack(0x0000002fcd100000,0x0000002fcd200000)]
  0x00000202b5521000 JavaThread "pool-1-thread-70" [_thread_blocked, id=14048, stack(0x0000002fcd000000,0x0000002fcd100000)]
  0x00000202b5522000 JavaThread "pool-1-thread-69" [_thread_blocked, id=5636, stack(0x0000002fccf00000,0x0000002fcd000000)]
  0x00000202b5528000 JavaThread "pool-1-thread-68" [_thread_blocked, id=10712, stack(0x0000002fcce00000,0x0000002fccf00000)]
  0x00000202b5527000 JavaThread "pool-1-thread-67" [_thread_blocked, id=5868, stack(0x0000002fccd00000,0x0000002fcce00000)]
  0x00000202b5526800 JavaThread "pool-1-thread-66" [_thread_blocked, id=8088, stack(0x0000002fccc00000,0x0000002fccd00000)]
  0x00000202b5524000 JavaThread "pool-1-thread-65" [_thread_blocked, id=1952, stack(0x0000002fccb00000,0x0000002fccc00000)]
  0x00000202b5523800 JavaThread "pool-1-thread-64" [_thread_blocked, id=10664, stack(0x0000002fcca00000,0x0000002fccb00000)]
  0x00000202b5525800 JavaThread "pool-1-thread-63" [_thread_blocked, id=6832, stack(0x0000002fcc900000,0x0000002fcca00000)]
  0x00000202b5522800 JavaThread "pool-1-thread-62" [_thread_blocked, id=10536, stack(0x0000002fcc800000,0x0000002fcc900000)]
  0x00000202b5525000 JavaThread "pool-1-thread-61" [_thread_blocked, id=14300, stack(0x0000002fcc700000,0x0000002fcc800000)]
  0x00000202b4db8000 JavaThread "pool-1-thread-60" [_thread_blocked, id=6344, stack(0x0000002fcc600000,0x0000002fcc700000)]
  0x00000202b4db6000 JavaThread "pool-1-thread-59" [_thread_blocked, id=13180, stack(0x0000002fcc500000,0x0000002fcc600000)]
  0x00000202b4dbb000 JavaThread "pool-1-thread-58" [_thread_blocked, id=2780, stack(0x0000002fcc400000,0x0000002fcc500000)]
  0x00000202b4db7800 JavaThread "pool-1-thread-57" [_thread_blocked, id=12148, stack(0x0000002fcc300000,0x0000002fcc400000)]
  0x00000202b4db6800 JavaThread "pool-1-thread-56" [_thread_blocked, id=12584, stack(0x0000002fcc200000,0x0000002fcc300000)]
  0x00000202b4db5000 JavaThread "pool-1-thread-55" [_thread_blocked, id=10728, stack(0x0000002fcc100000,0x0000002fcc200000)]
  0x00000202b4db4800 JavaThread "pool-1-thread-54" [_thread_blocked, id=10400, stack(0x0000002fcc000000,0x0000002fcc100000)]
  0x00000202b4dba800 JavaThread "pool-1-thread-53" [_thread_blocked, id=5620, stack(0x0000002fcbf00000,0x0000002fcc000000)]
  0x00000202b4db9000 JavaThread "pool-1-thread-52" [_thread_blocked, id=11568, stack(0x0000002fcbe00000,0x0000002fcbf00000)]
  0x00000202b4db9800 JavaThread "pool-1-thread-51" [_thread_blocked, id=9724, stack(0x0000002fcbd00000,0x0000002fcbe00000)]
  0x00000202b4dad000 JavaThread "pool-1-thread-50" [_thread_blocked, id=11208, stack(0x0000002fcbc00000,0x0000002fcbd00000)]
  0x00000202b4db1800 JavaThread "pool-1-thread-49" [_thread_blocked, id=12704, stack(0x0000002fcbb00000,0x0000002fcbc00000)]
  0x00000202b4db3800 JavaThread "pool-1-thread-48" [_thread_blocked, id=8020, stack(0x0000002fcba00000,0x0000002fcbb00000)]
  0x00000202b4db0000 JavaThread "pool-1-thread-47" [_thread_blocked, id=3008, stack(0x0000002fcb900000,0x0000002fcba00000)]
  0x00000202b4dac000 JavaThread "pool-1-thread-46" [_thread_blocked, id=3068, stack(0x0000002fcb800000,0x0000002fcb900000)]
  0x00000202b4dae800 JavaThread "pool-1-thread-45" [_thread_blocked, id=11884, stack(0x0000002fcb700000,0x0000002fcb800000)]
  0x00000202b4dad800 JavaThread "pool-1-thread-44" [_thread_blocked, id=4220, stack(0x0000002fcb600000,0x0000002fcb700000)]
  0x00000202b4db0800 JavaThread "pool-1-thread-43" [_thread_blocked, id=11140, stack(0x0000002fcb500000,0x0000002fcb600000)]
  0x00000202b4db3000 JavaThread "pool-1-thread-42" [_thread_blocked, id=7616, stack(0x0000002fcb400000,0x0000002fcb500000)]
  0x00000202b4daf000 JavaThread "pool-1-thread-41" [_thread_blocked, id=11256, stack(0x0000002fcb300000,0x0000002fcb400000)]
  0x00000202b4db2000 JavaThread "pool-1-thread-40" [_thread_blocked, id=3848, stack(0x0000002fcb200000,0x0000002fcb300000)]
  0x00000202b4ea3800 JavaThread "pool-1-thread-39" [_thread_blocked, id=9984, stack(0x0000002fcb100000,0x0000002fcb200000)]
  0x00000202b4ea9800 JavaThread "pool-1-thread-38" [_thread_blocked, id=2916, stack(0x0000002fcb000000,0x0000002fcb100000)]
  0x00000202b4ea7000 JavaThread "pool-1-thread-37" [_thread_blocked, id=8524, stack(0x0000002fcaf00000,0x0000002fcb000000)]
  0x00000202b4ea5800 JavaThread "pool-1-thread-36" [_thread_blocked, id=9280, stack(0x0000002fcae00000,0x0000002fcaf00000)]
  0x00000202b4ea6800 JavaThread "pool-1-thread-35" [_thread_blocked, id=10636, stack(0x0000002fcad00000,0x0000002fcae00000)]
  0x00000202b4eaa000 JavaThread "pool-1-thread-34" [_thread_blocked, id=3584, stack(0x0000002fcac00000,0x0000002fcad00000)]
  0x00000202b4ea8800 JavaThread "pool-1-thread-33" [_thread_blocked, id=1864, stack(0x0000002fcab00000,0x0000002fcac00000)]
  0x00000202b4ea8000 JavaThread "pool-1-thread-32" [_thread_blocked, id=4520, stack(0x0000002fcaa00000,0x0000002fcab00000)]
  0x00000202b4ea2800 JavaThread "pool-1-thread-31" [_thread_blocked, id=10928, stack(0x0000002fca900000,0x0000002fcaa00000)]
  0x00000202b4e9f800 JavaThread "pool-1-thread-30" [_thread_blocked, id=1908, stack(0x0000002fca800000,0x0000002fca900000)]
  0x00000202b4ea4000 JavaThread "pool-1-thread-29" [_thread_blocked, id=9708, stack(0x0000002fca700000,0x0000002fca800000)]
  0x00000202b4ea5000 JavaThread "pool-1-thread-28" [_thread_blocked, id=9836, stack(0x0000002fca600000,0x0000002fca700000)]
  0x00000202b4e9c000 JavaThread "pool-1-thread-27" [_thread_blocked, id=11968, stack(0x0000002fca500000,0x0000002fca600000)]
  0x00000202b4ea0800 JavaThread "pool-1-thread-26" [_thread_blocked, id=10624, stack(0x0000002fca400000,0x0000002fca500000)]
  0x00000202b4e9e000 JavaThread "pool-1-thread-25 for channel id=2" [_thread_in_Java, id=10264, stack(0x0000002fca300000,0x0000002fca400000)]
  0x00000202b4ea1000 JavaThread "pool-1-thread-24" [_thread_blocked, id=3940, stack(0x0000002fca200000,0x0000002fca300000)]
  0x00000202b4e9c800 JavaThread "pool-1-thread-23" [_thread_blocked, id=3228, stack(0x0000002fca100000,0x0000002fca200000)]
  0x00000202b4e9f000 JavaThread "pool-1-thread-22" [_thread_blocked, id=2396, stack(0x0000002fca000000,0x0000002fca100000)]
  0x00000202b4ea2000 JavaThread "pool-1-thread-21" [_thread_blocked, id=5100, stack(0x0000002fc9f00000,0x0000002fca000000)]
  0x00000202b4e9b000 JavaThread "pool-1-thread-20" [_thread_blocked, id=7392, stack(0x0000002fc9e00000,0x0000002fc9f00000)]
  0x00000202b4e9d800 JavaThread "pool-1-thread-19" [_thread_blocked, id=2988, stack(0x0000002fc9d00000,0x0000002fc9e00000)]
  0x00000202b50db800 JavaThread "pool-1-thread-18" [_thread_blocked, id=10384, stack(0x0000002fc9c00000,0x0000002fc9d00000)]
  0x00000202b50db000 JavaThread "pool-1-thread-17" [_thread_blocked, id=11868, stack(0x0000002fc9b00000,0x0000002fc9c00000)]
  0x00000202b50da000 JavaThread "pool-1-thread-16" [_thread_blocked, id=6664, stack(0x0000002fc9a00000,0x0000002fc9b00000)]
  0x00000202b50e1000 JavaThread "pool-1-thread-15" [_thread_blocked, id=12856, stack(0x0000002fc9900000,0x0000002fc9a00000)]
  0x00000202b50e0000 JavaThread "pool-1-thread-14" [_thread_blocked, id=9236, stack(0x0000002fc9800000,0x0000002fc9900000)]
  0x00000202b50dd000 JavaThread "pool-1-thread-13" [_thread_blocked, id=2068, stack(0x0000002fc9700000,0x0000002fc9800000)]
  0x00000202b50df800 JavaThread "pool-1-thread-12" [_thread_blocked, id=3216, stack(0x0000002fc9600000,0x0000002fc9700000)]
  0x00000202b50de000 JavaThread "pool-1-thread-11" [_thread_blocked, id=9304, stack(0x0000002fc9500000,0x0000002fc9600000)]
  0x00000202b50dc800 JavaThread "pool-1-thread-10" [_thread_blocked, id=8460, stack(0x0000002fc9400000,0x0000002fc9500000)]
  0x00000202b50de800 JavaThread "pool-1-thread-9" [_thread_blocked, id=12852, stack(0x0000002fc9300000,0x0000002fc9400000)]
  0x00000202b5505800 JavaThread "pool-1-thread-8" [_thread_blocked, id=7488, stack(0x0000002fc9200000,0x0000002fc9300000)]
  0x00000202b5504800 JavaThread "pool-1-thread-7" [_thread_blocked, id=916, stack(0x0000002fc9100000,0x0000002fc9200000)]
  0x00000202b528c000 JavaThread "pool-1-thread-6" [_thread_blocked, id=13840, stack(0x0000002fc8f00000,0x0000002fc9000000)]
  0x00000202b5460000 JavaThread "pool-1-thread-5" [_thread_blocked, id=13860, stack(0x0000002fc8e00000,0x0000002fc8f00000)]
  0x00000202b545f000 JavaThread "pool-1-thread-4" [_thread_blocked, id=11352, stack(0x0000002fc8d00000,0x0000002fc8e00000)]
  0x00000202b509d800 JavaThread "pool-1-thread-3" [_thread_blocked, id=12996, stack(0x0000002fc8c00000,0x0000002fc8d00000)]
  0x00000202b5109800 JavaThread "pool-1-thread-2" [_thread_blocked, id=10088, stack(0x0000002fc8b00000,0x0000002fc8c00000)]
  0x00000202b510c800 JavaThread "pool-1-thread-1" [_thread_blocked, id=11580, stack(0x0000002fc8a00000,0x0000002fc8b00000)]
  0x00000202b5106800 JavaThread "Channel reader thread: channel" [_thread_in_native, id=828, stack(0x0000002fc8900000,0x0000002fc8a00000)]
  0x00000202b50ce000 JavaThread "RemoteInvocationHandler [#1]" daemon [_thread_blocked, id=9796, stack(0x0000002fc8800000,0x0000002fc8900000)]
  0x00000202b3fec800 JavaThread "Service Thread" daemon [_thread_blocked, id=9336, stack(0x0000002fc8600000,0x0000002fc8700000)]
  0x00000202b3f7a000 JavaThread "C1 CompilerThread2" daemon [_thread_blocked, id=6160, stack(0x0000002fc8500000,0x0000002fc8600000)]
=>0x00000202b3f6e000 JavaThread "C2 CompilerThread1" daemon [_thread_in_native, id=5840, stack(0x0000002fc8400000,0x0000002fc8500000)]
  0x00000202b3f69000 JavaThread "C2 CompilerThread0" daemon [_thread_in_native, id=12036, stack(0x0000002fc8300000,0x0000002fc8400000)]
  0x00000202b3f67800 JavaThread "Attach Listener" daemon [_thread_blocked, id=1372, stack(0x0000002fc8200000,0x0000002fc8300000)]
  0x00000202b3f66800 JavaThread "Signal Dispatcher" daemon [_thread_blocked, id=9644, stack(0x0000002fc8100000,0x0000002fc8200000)]
  0x00000202b3f43800 JavaThread "Finalizer" daemon [_thread_blocked, id=9364, stack(0x0000002fc8000000,0x0000002fc8100000)]
  0x00000202b3f3c800 JavaThread "Reference Handler" daemon [_thread_blocked, id=11876, stack(0x0000002fc7f00000,0x0000002fc8000000)]
  0x000002029f3e1800 JavaThread "main" [_thread_blocked, id=9552, stack(0x0000002fc7900000,0x0000002fc7a00000)]

Other Threads:
  0x00000202b37fd800 VMThread [stack: 0x0000002fc7e00000,0x0000002fc7f00000] [id=14240]
  0x00000202b4030800 WatcherThread [stack: 0x0000002fc8700000,0x0000002fc8800000] [id=7692]

VM state:not at safepoint (normal execution)

VM Mutex/Monitor currently owned by a thread: None

heap address: 0x00000000c1800000, size: 1000 MB, Compressed Oops mode: 32-bit
Narrow klass base: 0x0000000000000000, Narrow klass shift: 3
Compressed class space size: 1073741824 Address: 0x0000000100000000

Heap:
 PSYoungGen      total 171008K, used 32770K [0x00000000eb300000, 0x00000000f9900000, 0x0000000100000000)
  eden space 162816K, 20% used [0x00000000eb300000,0x00000000ed300be8,0x00000000f5200000)
  from space 8192K, 0% used [0x00000000f5200000,0x00000000f5200000,0x00000000f5a00000)
  to   space 16896K, 0% used [0x00000000f8880000,0x00000000f8880000,0x00000000f9900000)
 ParOldGen       total 36352K, used 35849K [0x00000000c1800000, 0x00000000c3b80000, 0x00000000eb300000)
  object space 36352K, 98% used [0x00000000c1800000,0x00000000c3b02520,0x00000000c3b80000)
 Metaspace       used 29353K, capacity 30328K, committed 30592K, reserved 1077248K
  class space    used 3405K, capacity 3665K, committed 3712K, reserved 1048576K

Card table byte_map: [0x00000202b0a70000,0x00000202b0c70000] byte_map_base: 0x00000202b0464000

Marking Bits: (ParMarkBitMap*) 0x0000000060e76ff0
 Begin Bits: [0x00000202b0dc0000, 0x00000202b1d60000)
 End Bits:   [0x00000202b1d60000, 0x00000202b2d00000)

Polling page: 0x00000202a14d0000

CodeCache: size=245760Kb used=16443Kb max_used=16443Kb free=229316Kb
 bounds [0x00000202a16b0000, 0x00000202a26e0000, 0x00000202b06b0000]
 total_blobs=5050 nmethods=4598 adapters=363
 compilation: enabled

Compilation events (10 events):
Event: 24.884 Thread 0x00000202b3f7a000 5242       3       com.sun.tools.javac.tree.JCTree$JCVariableDecl::getTag (4 bytes)
Event: 24.884 Thread 0x00000202b3f7a000 nmethod 5242 0x00000202a26c9090 code [0x00000202a26c91e0, 0x00000202a26c9338]
Event: 24.885 Thread 0x00000202b3f7a000 5243       3       com.sun.tools.javac.jvm.ClassReader$6::read (81 bytes)
Event: 24.886 Thread 0x00000202b3f7a000 nmethod 5243 0x00000202a26c93d0 code [0x00000202a26c95e0, 0x00000202a26c9f90]
Event: 24.895 Thread 0x00000202b3f7a000 5244       3       com.sun.tools.javac.code.Symbol$PackageSymbol::members (16 bytes)
Event: 24.895 Thread 0x00000202b3f7a000 nmethod 5244 0x00000202a26ca510 code [0x00000202a26ca680, 0x00000202a26caa30]
Event: 24.896 Thread 0x00000202b3f7a000 5245       1       com.sun.tools.javac.code.Symbol::flags (5 bytes)
Event: 24.896 Thread 0x00000202b3f7a000 nmethod 5245 0x00000202a26cab50 code [0x00000202a26caca0, 0x00000202a26cadb8]
Event: 24.901 Thread 0x00000202b3f7a000 5246       3       com.sun.tools.javac.file.RelativePath::getFile (33 bytes)
Event: 24.901 Thread 0x00000202b3f7a000 nmethod 5246 0x00000202a26cae10 code [0x00000202a26cafa0, 0x00000202a26cb3a0]

GC Heap History (10 events):
Event: 15.719 GC heap before
{Heap before GC invocations=11 (full 0):
 PSYoungGen      total 108544K, used 47987K [0x00000000eb300000, 0x00000000f2680000, 0x0000000100000000)
  eden space 103424K, 41% used [0x00000000eb300000,0x00000000edce4120,0x00000000f1800000)
  from space 5120K, 99% used [0x00000000f1e80000,0x00000000f2378d78,0x00000000f2380000)
  to   space 6656K, 0% used [0x00000000f1800000,0x00000000f1800000,0x00000000f1e80000)
 ParOldGen       total 44032K, used 8446K [0x00000000c1800000, 0x00000000c4300000, 0x00000000eb300000)
  object space 44032K, 19% used [0x00000000c1800000,0x00000000c203fb98,0x00000000c4300000)
 Metaspace       used 20496K, capacity 21118K, committed 21296K, reserved 1069056K
  class space    used 2449K, capacity 2675K, committed 2688K, reserved 1048576K
Event: 15.737 GC heap after
Heap after GC invocations=11 (full 0):
 PSYoungGen      total 110080K, used 5904K [0x00000000eb300000, 0x00000000f6400000, 0x0000000100000000)
  eden space 103424K, 0% used [0x00000000eb300000,0x00000000eb300000,0x00000000f1800000)
  from space 6656K, 88% used [0x00000000f1800000,0x00000000f1dc4248,0x00000000f1e80000)
  to   space 7680K, 0% used [0x00000000f5c80000,0x00000000f5c80000,0x00000000f6400000)
 ParOldGen       total 44032K, used 10204K [0x00000000c1800000, 0x00000000c4300000, 0x00000000eb300000)
  object space 44032K, 23% used [0x00000000c1800000,0x00000000c21f7048,0x00000000c4300000)
 Metaspace       used 20496K, capacity 21118K, committed 21296K, reserved 1069056K
  class space    used 2449K, capacity 2675K, committed 2688K, reserved 1048576K
}
Event: 15.737 GC heap before
{Heap before GC invocations=12 (full 1):
 PSYoungGen      total 110080K, used 5904K [0x00000000eb300000, 0x00000000f6400000, 0x0000000100000000)
  eden space 103424K, 0% used [0x00000000eb300000,0x00000000eb300000,0x00000000f1800000)
  from space 6656K, 88% used [0x00000000f1800000,0x00000000f1dc4248,0x00000000f1e80000)
  to   space 7680K, 0% used [0x00000000f5c80000,0x00000000f5c80000,0x00000000f6400000)
 ParOldGen       total 44032K, used 10204K [0x00000000c1800000, 0x00000000c4300000, 0x00000000eb300000)
  object space 44032K, 23% used [0x00000000c1800000,0x00000000c21f7048,0x00000000c4300000)
 Metaspace       used 20496K, capacity 21118K, committed 21296K, reserved 1069056K
  class space    used 2449K, capacity 2675K, committed 2688K, reserved 1048576K
Event: 15.815 GC heap after
Heap after GC invocations=12 (full 1):
 PSYoungGen      total 110080K, used 0K [0x00000000eb300000, 0x00000000f6400000, 0x0000000100000000)
  eden space 103424K, 0% used [0x00000000eb300000,0x00000000eb300000,0x00000000f1800000)
  from space 6656K, 0% used [0x00000000f1800000,0x00000000f1800000,0x00000000f1e80000)
  to   space 7680K, 0% used [0x00000000f5c80000,0x00000000f5c80000,0x00000000f6400000)
 ParOldGen       total 36352K, used 12061K [0x00000000c1800000, 0x00000000c3b80000, 0x00000000eb300000)
  object space 36352K, 33% used [0x00000000c1800000,0x00000000c23c7650,0x00000000c3b80000)
 Metaspace       used 20496K, capacity 21118K, committed 21296K, reserved 1069056K
  class space    used 2449K, capacity 2675K, committed 2688K, reserved 1048576K
}
Event: 19.074 GC heap before
{Heap before GC invocations=13 (full 1):
 PSYoungGen      total 110080K, used 103424K [0x00000000eb300000, 0x00000000f6400000, 0x0000000100000000)
  eden space 103424K, 100% used [0x00000000eb300000,0x00000000f1800000,0x00000000f1800000)
  from space 6656K, 0% used [0x00000000f1800000,0x00000000f1800000,0x00000000f1e80000)
  to   space 7680K, 0% used [0x00000000f5c80000,0x00000000f5c80000,0x00000000f6400000)
 ParOldGen       total 36352K, used 12061K [0x00000000c1800000, 0x00000000c3b80000, 0x00000000eb300000)
  object space 36352K, 33% used [0x00000000c1800000,0x00000000c23c7650,0x00000000c3b80000)
 Metaspace       used 22501K, capacity 23318K, committed 23680K, reserved 1071104K
  class space    used 2627K, capacity 2863K, committed 2944K, reserved 1048576K
Event: 19.088 GC heap after
Heap after GC invocations=13 (full 1):
 PSYoungGen      total 150528K, used 5453K [0x00000000eb300000, 0x00000000f6200000, 0x0000000100000000)
  eden space 144896K, 0% used [0x00000000eb300000,0x00000000eb300000,0x00000000f4080000)
  from space 5632K, 96% used [0x00000000f5c80000,0x00000000f61d3730,0x00000000f6200000)
  to   space 8192K, 0% used [0x00000000f5200000,0x00000000f5200000,0x00000000f5a00000)
 ParOldGen       total 36352K, used 12069K [0x00000000c1800000, 0x00000000c3b80000, 0x00000000eb300000)
  object space 36352K, 33% used [0x00000000c1800000,0x00000000c23c9650,0x00000000c3b80000)
 Metaspace       used 22501K, capacity 23318K, committed 23680K, reserved 1071104K
  class space    used 2627K, capacity 2863K, committed 2944K, reserved 1048576K
}
Event: 24.016 GC heap before
{Heap before GC invocations=14 (full 1):
 PSYoungGen      total 150528K, used 150349K [0x00000000eb300000, 0x00000000f6200000, 0x0000000100000000)
  eden space 144896K, 100% used [0x00000000eb300000,0x00000000f4080000,0x00000000f4080000)
  from space 5632K, 96% used [0x00000000f5c80000,0x00000000f61d3730,0x00000000f6200000)
  to   space 8192K, 0% used [0x00000000f5200000,0x00000000f5200000,0x00000000f5a00000)
 ParOldGen       total 36352K, used 12069K [0x00000000c1800000, 0x00000000c3b80000, 0x00000000eb300000)
  object space 36352K, 33% used [0x00000000c1800000,0x00000000c23c9650,0x00000000c3b80000)
 Metaspace       used 28545K, capacity 29488K, committed 29824K, reserved 1075200K
  class space    used 3329K, capacity 3598K, committed 3712K, reserved 1048576K
Event: 24.055 GC heap after
Heap after GC invocations=14 (full 1):
 PSYoungGen      total 171008K, used 8180K [0x00000000eb300000, 0x00000000f9900000, 0x0000000100000000)
  eden space 162816K, 0% used [0x00000000eb300000,0x00000000eb300000,0x00000000f5200000)
  from space 8192K, 99% used [0x00000000f5200000,0x00000000f59fd140,0x00000000f5a00000)
  to   space 16896K, 0% used [0x00000000f8880000,0x00000000f8880000,0x00000000f9900000)
 ParOldGen       total 36352K, used 32127K [0x00000000c1800000, 0x00000000c3b80000, 0x00000000eb300000)
  object space 36352K, 88% used [0x00000000c1800000,0x00000000c375feb8,0x00000000c3b80000)
 Metaspace       used 28545K, capacity 29488K, committed 29824K, reserved 1075200K
  class space    used 3329K, capacity 3598K, committed 3712K, reserved 1048576K
}
Event: 24.055 GC heap before
{Heap before GC invocations=15 (full 2):
 PSYoungGen      total 171008K, used 8180K [0x00000000eb300000, 0x00000000f9900000, 0x0000000100000000)
  eden space 162816K, 0% used [0x00000000eb300000,0x00000000eb300000,0x00000000f5200000)
  from space 8192K, 99% used [0x00000000f5200000,0x00000000f59fd140,0x00000000f5a00000)
  to   space 16896K, 0% used [0x00000000f8880000,0x00000000f8880000,0x00000000f9900000)
 ParOldGen       total 36352K, used 32127K [0x00000000c1800000, 0x00000000c3b80000, 0x00000000eb300000)
  object space 36352K, 88% used [0x00000000c1800000,0x00000000c375feb8,0x00000000c3b80000)
 Metaspace       used 28545K, capacity 29488K, committed 29824K, reserved 1075200K
  class space    used 3329K, capacity 3598K, committed 3712K, reserved 1048576K
Event: 24.222 GC heap after
Heap after GC invocations=15 (full 2):
 PSYoungGen      total 171008K, used 0K [0x00000000eb300000, 0x00000000f9900000, 0x0000000100000000)
  eden space 162816K, 0% used [0x00000000eb300000,0x00000000eb300000,0x00000000f5200000)
  from space 8192K, 0% used [0x00000000f5200000,0x00000000f5200000,0x00000000f5a00000)
  to   space 16896K, 0% used [0x00000000f8880000,0x00000000f8880000,0x00000000f9900000)
 ParOldGen       total 36352K, used 35849K [0x00000000c1800000, 0x00000000c3b80000, 0x00000000eb300000)
  object space 36352K, 98% used [0x00000000c1800000,0x00000000c3b02520,0x00000000c3b80000)
 Metaspace       used 28545K, capacity 29488K, committed 29824K, reserved 1075200K
  class space    used 3329K, capacity 3598K, committed 3712K, reserved 1048576K
}

Deoptimization events (10 events):
Event: 24.379 Thread 0x00000202b4e9e000 Uncommon trap: reason=class_check action=maybe_recompile pc=0x00000202a1fef500 method=java.util.Collections$UnmodifiableMap$UnmodifiableEntrySet$UnmodifiableEntry.getValue()Ljava/lang/Object; @ 4
Event: 24.379 Thread 0x00000202b4e9e000 Uncommon trap: reason=class_check action=maybe_recompile pc=0x00000202a1a9198c method=java.util.Collections$UnmodifiableMap$UnmodifiableEntrySet$1.hasNext()Z @ 4
Event: 24.379 Thread 0x00000202b4e9e000 Uncommon trap: reason=class_check action=maybe_recompile pc=0x00000202a1ff0e28 method=java.util.Collections$UnmodifiableMap$UnmodifiableEntrySet$1.next()Ljava/util/Map$Entry; @ 8
Event: 24.379 Thread 0x00000202b4e9e000 Uncommon trap: reason=class_check action=maybe_recompile pc=0x00000202a1cfd400 method=java.util.Collections$UnmodifiableMap$UnmodifiableEntrySet$UnmodifiableEntry.getKey()Ljava/lang/Object; @ 4
Event: 24.379 Thread 0x00000202b4e9e000 Uncommon trap: reason=class_check action=maybe_recompile pc=0x00000202a1fef500 method=java.util.Collections$UnmodifiableMap$UnmodifiableEntrySet$UnmodifiableEntry.getValue()Ljava/lang/Object; @ 4
Event: 24.379 Thread 0x00000202b4e9e000 Uncommon trap: reason=class_check action=maybe_recompile pc=0x00000202a1a9198c method=java.util.Collections$UnmodifiableMap$UnmodifiableEntrySet$1.hasNext()Z @ 4
Event: 24.379 Thread 0x00000202b4e9e000 Uncommon trap: reason=class_check action=maybe_recompile pc=0x00000202a1ff0e28 method=java.util.Collections$UnmodifiableMap$UnmodifiableEntrySet$1.next()Ljava/util/Map$Entry; @ 8
Event: 24.379 Thread 0x00000202b4e9e000 Uncommon trap: reason=class_check action=maybe_recompile pc=0x00000202a1cfd400 method=java.util.Collections$UnmodifiableMap$UnmodifiableEntrySet$UnmodifiableEntry.getKey()Ljava/lang/Object; @ 4
Event: 24.379 Thread 0x00000202b4e9e000 Uncommon trap: reason=class_check action=maybe_recompile pc=0x00000202a1fef500 method=java.util.Collections$UnmodifiableMap$UnmodifiableEntrySet$UnmodifiableEntry.getValue()Ljava/lang/Object; @ 4
Event: 24.384 Thread 0x00000202b4e9e000 Uncommon trap: reason=unstable_if action=reinterpret pc=0x00000202a26057b8 method=java.io.WinNTFileSystem.resolve(Ljava/lang/String;Ljava/lang/String;)Ljava/lang/String; @ 117

Classes redefined (0 events):
No events

Internal exceptions (10 events):
Event: 22.141 Thread 0x00000202b4e9e000 Exception <a 'java/io/FileNotFoundException'> (0x00000000f0f8aa20) thrown at [C:\jenkins\workspace\8-2-build-windows-amd64-cygwin\jdk8u281\880\hotspot\src\share\vm\prims\jni.cpp, line 710]
Event: 22.142 Thread 0x00000202b4e9e000 Exception <a 'java/io/FileNotFoundException'> (0x00000000f0f8bba0) thrown at [C:\jenkins\workspace\8-2-build-windows-amd64-cygwin\jdk8u281\880\hotspot\src\share\vm\prims\jni.cpp, line 710]
Event: 22.143 Thread 0x00000202b4e9e000 Exception <a 'java/io/FileNotFoundException'> (0x00000000f0f8ccb8) thrown at [C:\jenkins\workspace\8-2-build-windows-amd64-cygwin\jdk8u281\880\hotspot\src\share\vm\prims\jni.cpp, line 710]
Event: 22.143 Thread 0x00000202b4e9e000 Exception <a 'java/io/FileNotFoundException'> (0x00000000f0f8ddf8) thrown at [C:\jenkins\workspace\8-2-build-windows-amd64-cygwin\jdk8u281\880\hotspot\src\share\vm\prims\jni.cpp, line 710]
Event: 22.144 Thread 0x00000202b4e9e000 Exception <a 'java/io/FileNotFoundException'> (0x00000000f0f8ef48) thrown at [C:\jenkins\workspace\8-2-build-windows-amd64-cygwin\jdk8u281\880\hotspot\src\share\vm\prims\jni.cpp, line 710]
Event: 22.144 Thread 0x00000202b4e9e000 Exception <a 'java/io/FileNotFoundException'> (0x00000000f0f90058) thrown at [C:\jenkins\workspace\8-2-build-windows-amd64-cygwin\jdk8u281\880\hotspot\src\share\vm\prims\jni.cpp, line 710]
Event: 22.145 Thread 0x00000202b4e9e000 Exception <a 'java/io/FileNotFoundException'> (0x00000000f0f91158) thrown at [C:\jenkins\workspace\8-2-build-windows-amd64-cygwin\jdk8u281\880\hotspot\src\share\vm\prims\jni.cpp, line 710]
Event: 22.147 Thread 0x00000202b4e9e000 Exception <a 'java/io/FileNotFoundException'> (0x00000000f0f92268) thrown at [C:\jenkins\workspace\8-2-build-windows-amd64-cygwin\jdk8u281\880\hotspot\src\share\vm\prims\jni.cpp, line 710]
Event: 22.148 Thread 0x00000202b4e9e000 Exception <a 'java/io/FileNotFoundException'> (0x00000000f0f93388) thrown at [C:\jenkins\workspace\8-2-build-windows-amd64-cygwin\jdk8u281\880\hotspot\src\share\vm\prims\jni.cpp, line 710]
Event: 23.746 Thread 0x00000202b4e9e000 Implicit null exception at 0x00000202a19aa7f1 to 0x00000202a19aac25

Events (10 events):
Event: 24.384 Thread 0x00000202b4e9e000 DEOPT PACKING pc=0x00000202a26057b8 sp=0x0000002fca3fc6f0
Event: 24.384 Thread 0x00000202b4e9e000 DEOPT UNPACKING pc=0x00000202a16f5843 sp=0x0000002fca3fc6b0 mode 2
Event: 24.386 loading class com/sun/tools/javac/tree/Pretty
Event: 24.386 loading class com/sun/tools/javac/tree/Pretty done
Event: 24.387 loading class com/sun/tools/javac/tree/Pretty$UncheckedIOException
Event: 24.387 loading class com/sun/tools/javac/tree/Pretty$UncheckedIOException done
Event: 24.392 loading class com/sun/tools/javac/tree/JCTree$JCPolyExpression$PolyKind
Event: 24.392 loading class com/sun/tools/javac/tree/JCTree$JCPolyExpression$PolyKind done
Event: 24.747 loading class lombok/launch/AnnotationProcessorHider$ClaimingProcessor
Event: 24.747 loading class lombok/launch/AnnotationProcessorHider$ClaimingProcessor done


Dynamic libraries:
0x00007ff729ca0000 - 0x00007ff729ce7000 	C:\Program Files\Java\jdk1.8.0_281\bin\java.exe
0x00007fff88610000 - 0x00007fff88805000 	C:\Windows\SYSTEM32\ntdll.dll
0x00007fff87820000 - 0x00007fff878dd000 	C:\Windows\System32\KERNEL32.DLL
0x00007fff861e0000 - 0x00007fff864a8000 	C:\Windows\System32\KERNELBASE.dll
0x00007fff876c0000 - 0x00007fff8776c000 	C:\Windows\System32\ADVAPI32.dll
0x00007fff87a50000 - 0x00007fff87aee000 	C:\Windows\System32\msvcrt.dll
0x00007fff87c30000 - 0x00007fff87ccb000 	C:\Windows\System32\sechost.dll
0x00007fff86680000 - 0x00007fff867ab000 	C:\Windows\System32\RPCRT4.dll
0x00007fff872a0000 - 0x00007fff87440000 	C:\Windows\System32\USER32.dll
0x00007fff864b0000 - 0x00007fff864d2000 	C:\Windows\System32\win32u.dll
0x00007fff87d40000 - 0x00007fff87d6a000 	C:\Windows\System32\GDI32.dll
0x00007fff85ed0000 - 0x00007fff85fdb000 	C:\Windows\System32\gdi32full.dll
0x00007fff85fe0000 - 0x00007fff8607d000 	C:\Windows\System32\msvcp_win.dll
0x00007fff860e0000 - 0x00007fff861e0000 	C:\Windows\System32\ucrtbase.dll
0x00007fff74e30000 - 0x00007fff750ca000 	C:\Windows\WinSxS\amd64_microsoft.windows.common-controls_6595b64144ccf1df_6.0.19041.844_none_ca00b6081b84eb1d\COMCTL32.dll
0x00007fff880d0000 - 0x00007fff88100000 	C:\Windows\System32\IMM32.DLL
0x00007fff734b0000 - 0x00007fff737ab000 	C:\Windows\pcdrm\NSCCOR0364.DLL
0x00007fff87470000 - 0x00007fff8759a000 	C:\Windows\System32\ole32.dll
0x00007fff87d70000 - 0x00007fff880c5000 	C:\Windows\System32\combase.dll
0x00007fff7adf0000 - 0x00007fff7adfa000 	C:\Windows\SYSTEM32\VERSION.dll
0x00007fff867b0000 - 0x00007fff867b8000 	C:\Windows\System32\psapi.dll
0x00007fff84a90000 - 0x00007fff84ac3000 	C:\Windows\SYSTEM32\ntmarta.dll
0x00007fff733a0000 - 0x00007fff733ce000 	C:\Windows\pcdrm\NBID64.dll
0x00007fff867c0000 - 0x00007fff8688d000 	C:\Windows\System32\OLEAUT32.dll
0x00007fff73850000 - 0x00007fff73889000 	C:\Windows\pcdrm\NFD0164.dll
0x00007fff813a0000 - 0x00007fff813b5000 	C:\Program Files\Java\jdk1.8.0_281\jre\bin\vcruntime140.dll
0x00007fff76490000 - 0x00007fff7652b000 	C:\Program Files\Java\jdk1.8.0_281\jre\bin\msvcp140.dll
0x0000000060690000 - 0x0000000060eef000 	C:\Program Files\Java\jdk1.8.0_281\jre\bin\server\jvm.dll
0x00007fff778a0000 - 0x00007fff778a9000 	C:\Windows\SYSTEM32\WSOCK32.dll
0x00007fff87cd0000 - 0x00007fff87d3b000 	C:\Windows\System32\WS2_32.dll
0x00007fff6ecf0000 - 0x00007fff6ed17000 	C:\Windows\SYSTEM32\WINMM.dll
0x00007fff84620000 - 0x00007fff84632000 	C:\Windows\SYSTEM32\kernel.appcore.dll
0x00007fff81390000 - 0x00007fff813a0000 	C:\Program Files\Java\jdk1.8.0_281\jre\bin\verify.dll
0x00007fff76460000 - 0x00007fff7648b000 	C:\Program Files\Java\jdk1.8.0_281\jre\bin\java.dll
0x00007fff76440000 - 0x00007fff76458000 	C:\Program Files\Java\jdk1.8.0_281\jre\bin\zip.dll
0x00007fff86a40000 - 0x00007fff87182000 	C:\Windows\System32\SHELL32.dll
0x00007fff83cb0000 - 0x00007fff84441000 	C:\Windows\SYSTEM32\windows.storage.dll
0x00007fff857c0000 - 0x00007fff857ec000 	C:\Windows\SYSTEM32\Wldp.dll
0x00000202b4b10000 - 0x00000202b4bbe000 	C:\Windows\System32\SHCORE.dll
0x00000202b4bc0000 - 0x00000202b4c15000 	C:\Windows\System32\shlwapi.dll
0x00007fff85c90000 - 0x00007fff85caf000 	C:\Windows\SYSTEM32\profapi.dll
0x00007fff76420000 - 0x00007fff7643c000 	C:\Program Files\Java\jdk1.8.0_281\jre\bin\net.dll
0x00007fff85530000 - 0x00007fff8559a000 	C:\Windows\system32\mswsock.dll
0x00007fff76400000 - 0x00007fff76413000 	C:\Program Files\Java\jdk1.8.0_281\jre\bin\nio.dll
0x00007fff85700000 - 0x00007fff85718000 	C:\Windows\SYSTEM32\CRYPTSP.dll
0x00007fff84e00000 - 0x00007fff84e34000 	C:\Windows\system32\rsaenh.dll
0x00007fff86640000 - 0x00007fff86667000 	C:\Windows\System32\bcrypt.dll
0x00007fff85c10000 - 0x00007fff85c3e000 	C:\Windows\SYSTEM32\USERENV.dll
0x00007fff85d50000 - 0x00007fff85dd0000 	C:\Windows\System32\bcryptprimitives.dll
0x00007fff85720000 - 0x00007fff8572c000 	C:\Windows\SYSTEM32\CRYPTBASE.dll
0x00007fff851b0000 - 0x00007fff851eb000 	C:\Windows\SYSTEM32\IPHLPAPI.DLL
0x00007fff86670000 - 0x00007fff86678000 	C:\Windows\System32\NSI.dll
0x00007fff7d380000 - 0x00007fff7d397000 	C:\Windows\SYSTEM32\dhcpcsvc6.DLL
0x00007fff7e170000 - 0x00007fff7e18d000 	C:\Windows\SYSTEM32\dhcpcsvc.DLL
0x00007fff85220000 - 0x00007fff852ec000 	C:\Windows\SYSTEM32\DNSAPI.dll
0x00007fff595b0000 - 0x00007fff59745000 	C:\Program Files\Java\jdk1.8.0_281\jre\bin\awt.dll
0x00007fff80a10000 - 0x00007fff80aa0000 	C:\Windows\SYSTEM32\apphelp.dll
0x00007fff83100000 - 0x00007fff832e4000 	C:\Windows\SYSTEM32\dbghelp.dll

VM Arguments:
java_command: jenkins.maven3.agent.Maven35Main C:\Essentials\Softwares\apache-maven-3.6.3 C:\Users\PARTHA\.jenkins\war\WEB-INF\lib\remoting-4.6.jar C:\Users\PARTHA\.jenkins\plugins\maven-plugin\WEB-INF\lib\maven35-interceptor-1.13.jar C:\Users\PARTHA\.jenkins\plugins\maven-plugin\WEB-INF\lib\maven3-interceptor-commons-1.13.jar 51624
java_class_path (initial): C:\Users\PARTHA\.jenkins\plugins\maven-plugin\WEB-INF\lib\maven35-agent-1.13.jar;C:\Essentials\Softwares\apache-maven-3.6.3\boot\plexus-classworlds-2.6.0.jar;C:\Essentials\Softwares\apache-maven-3.6.3/conf/logging
Launcher Type: SUN_STANDARD

Environment Variables:
JAVA_HOME=C:\Program Files\Java\jdk1.8.0_281
PATH=C:\Essentials\Softwares\apache-maven-3.6.3/bin;C:\Program Files\Java\jdk1.8.0_281/bin;C:\Program Files\Java\jdk1.8.0_281/bin;C:\Program Files (x86)\Common Files\Oracle\Java\javapath;C:\Program Files (x86)\Intel\iCLS Client\;C:\Program Files\Intel\iCLS Client\;C:\Windows\system32;C:\Windows;C:\Windows\System32\Wbem;C:\Windows\System32\WindowsPowerShell\v1.0\;C:\Windows\System32\OpenSSH\;C:\Program Files\Java\jdk1.8.0_281\bin;C:\Essentials\WebDrivers;C:\Essentials\Softwares\apache-maven-3.6.3\bin;C:\Essentials\Softwares\apache-ant-1.9.15\bin;C:\Users\PARTHA\AppData\Local\Microsoft\WindowsApps;C:\Program Files\Bandizip\
USERNAME=PARTHA
OS=Windows_NT
PROCESSOR_IDENTIFIER=Intel64 Family 6 Model 61 Stepping 4, GenuineIntel



---------------  S Y S T E M  ---------------

OS: Windows 10.0 , 64 bit Build 19041 (10.0.19041.928)

CPU:total 4 (initial active 4) (2 cores per cpu, 2 threads per core) family 6 model 61 stepping 4, cmov, cx8, fxsr, mmx, sse, sse2, sse3, ssse3, sse4.1, sse4.2, popcnt, avx, avx2, aes, clmul, erms, 3dnowpref, lzcnt, ht, tsc, tscinvbit, bmi1, bmi2, adx

Memory: 4k page, physical 4094368k(335816k free), swap 6713760k(16688k free)

vm_info: Java HotSpot(TM) 64-Bit Server VM (25.281-b09) for windows-amd64 JRE (1.8.0_281-b09), built on Dec  9 2020 13:54:07 by "" with MS VC++ 15.9 (VS2017)

time: Mon Apr 26 22:07:01 2021
timezone: India Standard Time
elapsed time: 25.055608 seconds (0d 0h 0m 25s)

